<?xml version="1.0" encoding="UTF-8" ?>
<testsuite tests="26" failures="0" name="com.elendil.training.TestUniverse" time="0" errors="0" skipped="0">
  <properties>
    <property name="java.runtime.name" value="OpenJDK Runtime Environment"/>
    <property name="java.vm.version" value="11.0.4+10-b304.77"/>
    <property name="sun.boot.library.path" value="C:\Program Files\JetBrains\IntelliJ IDEA Community Edition 2019.2.4\jbr\bin"/>
    <property name="maven.multiModuleProjectDirectory" value="C:\Users\Ivor\IdeaProjects\GameOfLife-Java"/>
    <property name="java.vm.vendor" value="JetBrains s.r.o"/>
    <property name="java.vendor.url" value="https://www.jetbrains.com/"/>
    <property name="guice.disable.misplaced.annotation.check" value="true"/>
    <property name="path.separator" value=";"/>
    <property name="java.vm.name" value="OpenJDK 64-Bit Server VM"/>
    <property name="sun.os.patch.level" value=""/>
    <property name="user.script" value=""/>
    <property name="user.country" value="GB"/>
    <property name="sun.java.launcher" value="SUN_STANDARD"/>
    <property name="java.vm.specification.name" value="Java Virtual Machine Specification"/>
    <property name="user.dir" value="C:\Users\Ivor\IdeaProjects\GameOfLife-Java"/>
    <property name="java.vm.compressedOopsMode" value="32-bit"/>
    <property name="java.runtime.version" value="11.0.4+10-b304.77"/>
    <property name="java.awt.graphicsenv" value="sun.awt.Win32GraphicsEnvironment"/>
    <property name="os.arch" value="amd64"/>
    <property name="java.io.tmpdir" value="C:\Users\Ivor\AppData\Local\Temp\"/>
    <property name="line.separator" value="
"/>
    <property name="java.vm.specification.vendor" value="Oracle Corporation"/>
    <property name="user.variant" value=""/>
    <property name="os.name" value="Windows 10"/>
    <property name="maven.ext.class.path" value="C:\Program Files\JetBrains\IntelliJ IDEA Community Edition 2019.2.4\plugins\maven\lib\maven-event-listener.jar"/>
    <property name="classworlds.conf" value="C:\Program Files\JetBrains\IntelliJ IDEA Community Edition 2019.2.4\plugins\maven\lib\maven3\bin\m2.conf"/>
    <property name="sun.jnu.encoding" value="Cp1252"/>
    <property name="java.library.path" value="C:\Program Files\JetBrains\IntelliJ IDEA Community Edition 2019.2.4\jbr\bin;C:\WINDOWS\Sun\Java\bin;C:\WINDOWS\system32;C:\WINDOWS;C:\WINDOWS\system32;C:\WINDOWS;C:\WINDOWS\System32\Wbem;C:\WINDOWS\System32\WindowsPowerShell\v1.0\;C:\WINDOWS\System32\OpenSSH\;C:\Users\Ivor\AppData\Local\Microsoft\WindowsApps;C:\Users\Ivor\AppData\Local\Programs\Microsoft VS Code\bin;C:\Users\Ivor\AppData\Local\Programs\Git\cmd;C:\Users\Ivor\Downloads\apache-tomcat-7.0.96-windows-x64\apache-tomcat-7.0.96\bin;C:\Program Files\JetBrains\IntelliJ IDEA Community Edition 2019.2.4\jbr\bin;;."/>
    <property name="maven.conf" value="C:\Program Files\JetBrains\IntelliJ IDEA Community Edition 2019.2.4\plugins\maven\lib\maven3/conf"/>
    <property name="jdk.debug" value="release"/>
    <property name="java.class.version" value="55.0"/>
    <property name="java.specification.name" value="Java Platform API Specification"/>
    <property name="sun.management.compiler" value="HotSpot 64-Bit Tiered Compilers"/>
    <property name="os.version" value="10.0"/>
    <property name="user.home" value="C:\Users\Ivor"/>
    <property name="user.timezone" value="Europe/London"/>
    <property name="java.awt.printerjob" value="sun.awt.windows.WPrinterJob"/>
    <property name="file.encoding" value="UTF-8"/>
    <property name="java.specification.version" value="11"/>
    <property name="idea.version2019.2.4" value="true"/>
    <property name="user.name" value="Ivor"/>
    <property name="java.class.path" value="C:\Program Files\JetBrains\IntelliJ IDEA Community Edition 2019.2.4\plugins\maven\lib\maven3\boot\plexus-classworlds-2.6.0.jar"/>
    <property name="java.vm.specification.version" value="11"/>
    <property name="sun.arch.data.model" value="64"/>
    <property name="sun.java.command" value="org.codehaus.classworlds.Launcher -Didea.version2019.2.4 deploy"/>
    <property name="java.home" value="C:\Program Files\JetBrains\IntelliJ IDEA Community Edition 2019.2.4\jbr"/>
    <property name="user.language" value="en"/>
    <property name="java.specification.vendor" value="Oracle Corporation"/>
    <property name="awt.toolkit" value="sun.awt.windows.WToolkit"/>
    <property name="java.vm.info" value="mixed mode, sharing"/>
    <property name="java.version" value="11.0.4"/>
    <property name="java.vendor" value="JetBrains s.r.o"/>
    <property name="maven.home" value="C:\Program Files\JetBrains\IntelliJ IDEA Community Edition 2019.2.4\plugins\maven\lib\maven3"/>
    <property name="file.separator" value="\"/>
    <property name="java.version.date" value="2019-07-16"/>
    <property name="java.vendor.url.bug" value="https://youtrack.jetbrains.com"/>
    <property name="sun.io.unicode.encoding" value="UnicodeLittle"/>
    <property name="sun.cpu.endian" value="little"/>
    <property name="sun.desktop" value="windows"/>
    <property name="sun.cpu.isalist" value="amd64"/>
  </properties>
  <testcase classname="com.elendil.training.TestUniverse" name="givenLivingCellInUniverse_whenFourNeighbours_thenCellDies" time="0"/>
  <testcase classname="com.elendil.training.TestUniverse" name="givenLivingCellInWiderUniverse_whenTwoNeighbours_thenCellLives" time="0"/>
  <testcase classname="com.elendil.training.TestUniverse" name="givenThreeByThreeAliveUniverse_whenNextGeneration_thenFourAlive" time="0"/>
  <testcase classname="com.elendil.training.TestUniverse" name="givenUniverse_whenDimensionIsTwo_thenReturnsTwoRowAndTwoColumn" time="0"/>
  <testcase classname="com.elendil.training.TestUniverse" name="givenDeadCellInWiderUniverse_whenThreeNeighbours_thenCellLives" time="0"/>
  <testcase classname="com.elendil.training.TestUniverse" name="givenUniverse_whenCellIsAdjacent_thenIdentifyAsNeighbour" time="0"/>
  <testcase classname="com.elendil.training.TestUniverse" name="givenUniverseSetup_when100PercentSeedAndDimNine_thenUniverse100PercentAlive" time="0"/>
  <testcase classname="com.elendil.training.TestUniverse" name="givenUniverseSetup_when0PercentSeedAndDimOne_thenUniverse0PercentAlive" time="0"/>
  <testcase classname="com.elendil.training.TestUniverse" name="givenLivingCellInUniverse_whenOneNeighbours_thenCellDies" time="0"/>
  <testcase classname="com.elendil.training.TestUniverse" name="givenUniverse_whenDimensionIsTen_thenReturnsTenRowAndTenColumn" time="0"/>
  <testcase classname="com.elendil.training.TestUniverse" name="givenDeadCellInUniverse_whenThreeLivingNeighbours_thenCellLives" time="0"/>
  <testcase classname="com.elendil.training.TestUniverse" name="givenLivingCellInUniverse_whenThreeNeighbours_thenCellLives" time="0"/>
  <testcase classname="com.elendil.training.TestUniverse" name="givenUniverseSetup_whenDimThree_thenUniverseSizeIsNine" time="0"/>
  <testcase classname="com.elendil.training.TestUniverse" name="givenOneByOneFullAliveUniverse_whenNextGeneration_thenAllDead" time="0"/>
  <testcase classname="com.elendil.training.TestUniverse" name="givenUniverse_whenCellIsNotAdjacent_thenIdentifyAsNotNeighbour" time="0"/>
  <testcase classname="com.elendil.training.TestUniverse" name="givenTwoByTwoDeadUniverse_whenNextGeneration_thenAllAlive" time="0"/>
  <testcase classname="com.elendil.training.TestUniverse" name="givenUniverse_whenCellIsSameCoord_thenIdentifyAsNotNeighbour" time="0"/>
  <testcase classname="com.elendil.training.TestUniverse" name="givenUniverseSetup_whenDimTwo_thenUniverseSizeIsFour" time="0"/>
  <testcase classname="com.elendil.training.TestUniverse" name="givenUniverseSetup_whenDimOne_thenUniverseSizeIsOne" time="0"/>
  <testcase classname="com.elendil.training.TestUniverse" name="givenLivingCellInUniverse_whenTwoNeighbours_thenCellLives" time="0"/>
  <testcase classname="com.elendil.training.TestUniverse" name="givenLivingCellInWiderUniverse_whenThreeNeighbours_thenCellLives" time="0"/>
  <testcase classname="com.elendil.training.TestUniverse" name="givenDeadCellInUniverse_whenTwoLivingNeighbours_thenCellDies" time="0"/>
  <testcase classname="com.elendil.training.TestUniverse" name="givenDeadCellInUniverse_whenFourLivingNeighbours_thenCellDies" time="0"/>
  <testcase classname="com.elendil.training.TestUniverse" name="givenUniverse_whenDimensionIsOne_thenReturnsOneRowAndOneColumn" time="0"/>
  <testcase classname="com.elendil.training.TestUniverse" name="givenLivingCellInUniverse_whenZeroNeighbours_thenCellDies" time="0"/>
  <testcase classname="com.elendil.training.TestUniverse" name="givenUniverseSetup_when100PercentSeedAndDimOne_thenUniverse100PercentAlive" time="0"/>
</testsuite>